<?xml version="1.0" encoding="UTF-8"?>
<testsuite xmlns:xsi="http://www.w3.org/2001/XMLSchema-instance" xsi:noNamespaceSchemaLocation="https://maven.apache.org/surefire/maven-surefire-plugin/xsd/surefire-test-report-3.0.xsd" version="3.0" name="CalculatorTest" time="0.22" tests="4" errors="0" skipped="0" failures="0">
  <properties>
[...]
</properties>
  <testcase name="testDivideNormalCase" classname="CalculatorTest" time="0.076"/>
  <testcase name="testDivideByZeroException" classname="CalculatorTest" time="0.008"/>
  <testcase name="testAddNormalCase" classname="CalculatorTest" time="0.003"/>
  <testcase name="testAddWithZero" classname="CalculatorTest" time="0.002"/>
</testsuite>